<?xml version="1.0" encoding="UTF-8"?>
<testng-results skipped="0" failed="0" total="1" passed="1">
  <reporter-output>
  </reporter-output>
  <suite name="Default suite" duration-ms="32" started-at="2018-08-05T17:11:54Z" finished-at="2018-08-05T17:11:54Z">
    <groups>
    </groups>
    <test name="Default test" duration-ms="32" started-at="2018-08-05T17:11:54Z" finished-at="2018-08-05T17:11:54Z">
      <class name="sample.TestScript2">
        <test-method status="PASS" signature="beforeTest()" name="beforeTest" is-config="true" duration-ms="15" started-at="2018-08-05T17:11:54Z" finished-at="2018-08-05T17:11:54Z">
        </test-method>
        <test-method status="PASS" signature="f()" name="f" duration-ms="4" started-at="2018-08-05T17:11:54Z" finished-at="2018-08-05T17:11:54Z">
        </test-method>
        <test-method status="PASS" signature="afterTest()" name="afterTest" is-config="true" duration-ms="0" started-at="2018-08-05T17:11:54Z" finished-at="2018-08-05T17:11:54Z">
        </test-method>
      </class>
    </test>
  </suite>
</testng-results>
