-------------------------------------------------------------------------------
Test set: TestSuite
-------------------------------------------------------------------------------
Tests run: 3, Failures: 1, Errors: 0, Skipped: 0, Time elapsed: 0.716 sec <<< FAILURE!
f(example.TestScript1)  Time elapsed: 0.001 sec  <<< FAILURE!
java.lang.AssertionError
	at example.TestScript1.f(TestScript1.java:10)
