<?xml version="1.0" encoding="UTF-8"?>
<testsuite hostname="USBLRASHIEV3" name="example.TestScript1" tests="3" failures="1" timestamp="7 Aug 2018 05:11:21 GMT" time="0.047" errors="0">
  <testcase name="p" time="0.002" classname="example.TestScript1"/>
  <testcase name="f" time="0.003" classname="sample.TestScript2"/>
  <testcase name="f" time="0.004" classname="example.TestScript1">
    <failure type="java.lang.AssertionError">
      <![CDATA[java.lang.AssertionError
	at example.TestScript1.f(TestScript1.java:10)
	at java.util.concurrent.ThreadPoolExecutor.runWorker(ThreadPoolExecutor.java:1149)
	at java.util.concurrent.ThreadPoolExecutor$Worker.run(ThreadPoolExecutor.java:624)
	at java.lang.Thread.run(Thread.java:748)
... Removed 10 stack frames]]>
    </failure>
  </testcase>
</testsuite>
